Determining if the pthread_create exist failed with the following output:
Change Dir: /home/ics/slam/slam_by_myself/build/CMakeFiles/CMakeTmp

Run Build Command:"/usr/bin/make" "cmTC_7851a/fast"
/usr/bin/make -f CMakeFiles/cmTC_7851a.dir/build.make CMakeFiles/cmTC_7851a.dir/build
make[1]: Entering directory `/home/ics/slam/slam_by_myself/build/CMakeFiles/CMakeTmp'
Building C object CMakeFiles/cmTC_7851a.dir/CheckSymbolExists.c.o
/usr/bin/cc     -o CMakeFiles/cmTC_7851a.dir/CheckSymbolExists.c.o   -c /home/ics/slam/slam_by_myself/build/CMakeFiles/CMakeTmp/CheckSymbolExists.c
Linking C executable cmTC_7851a
/usr/local/bin/cmake -E cmake_link_script CMakeFiles/cmTC_7851a.dir/link.txt --verbose=1
/usr/bin/cc       CMakeFiles/cmTC_7851a.dir/CheckSymbolExists.c.o  -o cmTC_7851a -rdynamic 
CMakeFiles/cmTC_7851a.dir/CheckSymbolExists.c.o: In function `main':
CheckSymbolExists.c:(.text+0x16): undefined reference to `pthread_create'
collect2: error: ld returned 1 exit status
make[1]: *** [cmTC_7851a] Error 1
make[1]: Leaving directory `/home/ics/slam/slam_by_myself/build/CMakeFiles/CMakeTmp'
make: *** [cmTC_7851a/fast] Error 2

File /home/ics/slam/slam_by_myself/build/CMakeFiles/CMakeTmp/CheckSymbolExists.c:
/* */
#include <pthread.h>

int main(int argc, char** argv)
{
  (void)argv;
#ifndef pthread_create
  return ((int*)(&pthread_create))[argc];
#else
  (void)argc;
  return 0;
#endif
}

Determining if the function pthread_create exists in the pthreads failed with the following output:
Change Dir: /home/ics/slam/slam_by_myself/build/CMakeFiles/CMakeTmp

Run Build Command:"/usr/bin/make" "cmTC_b5c9a/fast"
/usr/bin/make -f CMakeFiles/cmTC_b5c9a.dir/build.make CMakeFiles/cmTC_b5c9a.dir/build
make[1]: Entering directory `/home/ics/slam/slam_by_myself/build/CMakeFiles/CMakeTmp'
Building C object CMakeFiles/cmTC_b5c9a.dir/CheckFunctionExists.c.o
/usr/bin/cc    -DCHECK_FUNCTION_EXISTS=pthread_create   -o CMakeFiles/cmTC_b5c9a.dir/CheckFunctionExists.c.o   -c /usr/local/share/cmake-3.6/Modules/CheckFunctionExists.c
Linking C executable cmTC_b5c9a
/usr/local/bin/cmake -E cmake_link_script CMakeFiles/cmTC_b5c9a.dir/link.txt --verbose=1
/usr/bin/cc   -DCHECK_FUNCTION_EXISTS=pthread_create    CMakeFiles/cmTC_b5c9a.dir/CheckFunctionExists.c.o  -o cmTC_b5c9a -rdynamic -lpthreads 
/usr/bin/ld: cannot find -lpthreads
collect2: error: ld returned 1 exit status
make[1]: *** [cmTC_b5c9a] Error 1
make[1]: Leaving directory `/home/ics/slam/slam_by_myself/build/CMakeFiles/CMakeTmp'
make: *** [cmTC_b5c9a/fast] Error 2


